#
# There is insufficient memory for the Java Runtime Environment to continue.
# Native memory allocation (mmap) failed to map 268435456 bytes for Failed to commit area from 0x0000000701e00000 to 0x0000000711e00000 of length 268435456.
# Possible reasons:
#   The system is out of physical RAM or swap space
#   The process is running with CompressedOops enabled, and the Java Heap may be blocking the growth of the native heap
# Possible solutions:
#   Reduce memory load on the system
#   Increase physical memory or swap space
#   Check if swap backing store is full
#   Decrease Java heap size (-Xmx/-Xms)
#   Decrease number of Java threads
#   Decrease Java thread stack sizes (-Xss)
#   Set larger code cache with -XX:ReservedCodeCacheSize=
#   JVM is running with Zero Based Compressed Oops mode in which the Java heap is
#     placed in the first 32GB address space. The Java Heap base address is the
#     maximum limit for the native heap growth. Please use -XX:HeapBaseMinAddress
#     to set the Java Heap base and to place the Java Heap above 32GB virtual address.
# This output file may be truncated or incomplete.
#
#  Out of Memory Error (./open/src/hotspot/os/windows/os_windows.cpp:3315), pid=21472, tid=20244
#
# JRE version:  (14.0.2+12) (build )
# Java VM: Java HotSpot(TM) 64-Bit Server VM (14.0.2+12-46, mixed mode, sharing, tiered, compressed oops, g1 gc, windows-amd64)
# No core dump will be written. Minidumps are not enabled by default on client versions of Windows
#

---------------  S U M M A R Y ------------

Command Line: -Dfile.encoding=GBK cars.main

Host: Intel(R) Core(TM) i7-9750H CPU @ 2.60GHz, 12 cores, 15G,  Windows 10 , 64 bit Build 18362 (10.0.18362.1110)
Time: Sat Nov 28 16:21:00 2020 ?D1®≤°¿®∫°¡?®∫°¿?? elapsed time: 0 seconds (0d 0h 0m 0s)

---------------  T H R E A D  ---------------

Current thread (0x00000164cfaf4000):  JavaThread "Unknown thread" [_thread_in_vm, id=20244, stack(0x000000298ab00000,0x000000298ac00000)]

Stack: [0x000000298ab00000,0x000000298ac00000]
Native frames: (J=compiled Java code, j=interpreted, Vv=VM code, C=native code)
V  [jvm.dll+0x5f8a9a]
V  [jvm.dll+0x74247a]
V  [jvm.dll+0x743c2f]
V  [jvm.dll+0x744273]
V  [jvm.dll+0x20d288]
V  [jvm.dll+0x5f5dea]
V  [jvm.dll+0x5eac45]
V  [jvm.dll+0x2c7e9c]
V  [jvm.dll+0x2c7cd2]
V  [jvm.dll+0x2cdbbc]
V  [jvm.dll+0x313fe8]
V  [jvm.dll+0x313710]
V  [jvm.dll+0x2a092a]
V  [jvm.dll+0x2a1a79]
V  [jvm.dll+0x71fd48]
V  [jvm.dll+0x321c14]
V  [jvm.dll+0x70112c]
V  [jvm.dll+0x392def]
V  [jvm.dll+0x394e61]
C  [jli.dll+0x524b]
C  [ucrtbase.dll+0x210b2]
C  [KERNEL32.DLL+0x17c24]
C  [ntdll.dll+0x6d4d1]


---------------  P R O C E S S  ---------------

Threads class SMR info:
_java_thread_list=0x00007ffdff6d3038, length=0, elements={
}

Java Threads: ( => current thread )

Other Threads:
  0x00000164cfb5c800 GCTaskThread "GC Thread#0" [stack: 0x000000298ac00000,0x000000298ad00000] [id=10496]
  0x00000164cfb7e000 ConcurrentGCThread "G1 Main Marker" [stack: 0x000000298ad00000,0x000000298ae00000] [id=19556]
  0x00000164cfb7f800 ConcurrentGCThread "G1 Conc#0" [stack: 0x000000298ae00000,0x000000298af00000] [id=18640]

[error occurred during error reporting (printing all threads), id 0xc0000005, EXCEPTION_ACCESS_VIOLATION (0xc0000005) at pc=0x00007ffdfef01257]

VM state:not at safepoint (not fully initialized)

VM Mutex/Monitor currently owned by a thread:  ([mutex/lock_event])
[0x00000164cfaf0010] Heap_lock - owner thread: 0x00000164cfaf4000

Heap address: 0x0000000701e00000, size: 4066 MB, Compressed Oops mode: Zero based, Oop shift amount: 3
Narrow klass base: 0x0000000000000000, Narrow klass shift: 0

GC Heap History (0 events):
No events

Deoptimization events (0 events):
No events

Classes unloaded (0 events):
No events

Classes redefined (0 events):
No events

Internal exceptions (0 events):
No events

Events (2 events):
Event: 0.005 Loaded shared library D:\jdk-14.0.2_windows-x64_bin\jdk-14.0.2\bin\java.dll
Event: 0.006 Loaded shared library D:\jdk-14.0.2_windows-x64_bin\jdk-14.0.2\bin\zip.dll


Dynamic libraries:
0x00007ff640370000 - 0x00007ff64037f000 	D:\jdk-14.0.2_windows-x64_bin\jdk-14.0.2\bin\javaw.exe
0x00007ffe3e580000 - 0x00007ffe3e770000 	C:\WINDOWS\SYSTEM32\ntdll.dll
0x00007ffe3cb80000 - 0x00007ffe3cc32000 	C:\WINDOWS\System32\KERNEL32.DLL
0x00007ffe3b880000 - 0x00007ffe3bb25000 	C:\WINDOWS\System32\KERNELBASE.dll
0x00007ffe3b500000 - 0x00007ffe3b5fa000 	C:\WINDOWS\System32\ucrtbase.dll
0x00007ffe1f9e0000 - 0x00007ffe1f9f5000 	D:\jdk-14.0.2_windows-x64_bin\jdk-14.0.2\bin\VCRUNTIME140.dll
0x00007ffe1fb20000 - 0x00007ffe1fb38000 	D:\jdk-14.0.2_windows-x64_bin\jdk-14.0.2\bin\jli.dll
0x00007ffe3c930000 - 0x00007ffe3c9d3000 	C:\WINDOWS\System32\ADVAPI32.dll
0x00007ffe3e020000 - 0x00007ffe3e0be000 	C:\WINDOWS\System32\msvcrt.dll
0x00007ffe3e130000 - 0x00007ffe3e1c7000 	C:\WINDOWS\System32\sechost.dll
0x00007ffe3d620000 - 0x00007ffe3d740000 	C:\WINDOWS\System32\RPCRT4.dll
0x00007ffe3c9e0000 - 0x00007ffe3cb74000 	C:\WINDOWS\System32\USER32.dll
0x00007ffe3c4f0000 - 0x00007ffe3c511000 	C:\WINDOWS\System32\win32u.dll
0x00007ffe3e280000 - 0x00007ffe3e2a6000 	C:\WINDOWS\System32\GDI32.dll
0x00007ffe26f10000 - 0x00007ffe27194000 	C:\WINDOWS\WinSxS\amd64_microsoft.windows.common-controls_6595b64144ccf1df_6.0.18362.1198_none_9e820b57e45ad92f\COMCTL32.dll
0x00007ffe3b6b0000 - 0x00007ffe3b846000 	C:\WINDOWS\System32\gdi32full.dll
0x00007ffe3dbb0000 - 0x00007ffe3dee5000 	C:\WINDOWS\System32\combase.dll
0x00007ffe3c570000 - 0x00007ffe3c60e000 	C:\WINDOWS\System32\msvcp_win.dll
0x00007ffe3c470000 - 0x00007ffe3c4f0000 	C:\WINDOWS\System32\bcryptPrimitives.dll
0x00007ffe34700000 - 0x00007ffe3470a000 	C:\WINDOWS\SYSTEM32\VERSION.dll
0x00007ffe3d3c0000 - 0x00007ffe3d3ee000 	C:\WINDOWS\System32\IMM32.DLL
0x00007ffe11630000 - 0x00007ffe116cb000 	D:\jdk-14.0.2_windows-x64_bin\jdk-14.0.2\bin\msvcp140.dll
0x00007ffdfec50000 - 0x00007ffdff76e000 	D:\jdk-14.0.2_windows-x64_bin\jdk-14.0.2\bin\server\jvm.dll
0x00007ffe3d4c0000 - 0x00007ffe3d4c8000 	C:\WINDOWS\System32\PSAPI.DLL
0x00007ffe389b0000 - 0x00007ffe389d4000 	C:\WINDOWS\SYSTEM32\WINMM.dll
0x00007ffe21990000 - 0x00007ffe21999000 	C:\WINDOWS\SYSTEM32\WSOCK32.dll
0x00007ffe3e0c0000 - 0x00007ffe3e12f000 	C:\WINDOWS\System32\WS2_32.dll
0x00007ffe38980000 - 0x00007ffe389ad000 	C:\WINDOWS\SYSTEM32\WINMMBASE.dll
0x00007ffe3c520000 - 0x00007ffe3c56a000 	C:\WINDOWS\System32\cfgmgr32.dll
0x00007ffe3b4b0000 - 0x00007ffe3b4c1000 	C:\WINDOWS\System32\kernel.appcore.dll
0x00007ffe1fab0000 - 0x00007ffe1faba000 	D:\jdk-14.0.2_windows-x64_bin\jdk-14.0.2\bin\jimage.dll
0x00007ffe39940000 - 0x00007ffe39b34000 	C:\WINDOWS\SYSTEM32\DBGHELP.DLL
0x00007ffe232f0000 - 0x00007ffe2331a000 	C:\WINDOWS\SYSTEM32\dbgcore.DLL
0x00007ffe1b2e0000 - 0x00007ffe1b305000 	D:\jdk-14.0.2_windows-x64_bin\jdk-14.0.2\bin\java.dll
0x00007ffe0a010000 - 0x00007ffe0a026000 	D:\jdk-14.0.2_windows-x64_bin\jdk-14.0.2\bin\zip.dll

dbghelp: loaded successfully - version: 4.0.5 - missing functions: none
symbol engine: initialized successfully - sym options: 0x614 - pdb path: .;D:\jdk-14.0.2_windows-x64_bin\jdk-14.0.2\bin;C:\WINDOWS\SYSTEM32;C:\WINDOWS\WinSxS\amd64_microsoft.windows.common-controls_6595b64144ccf1df_6.0.18362.1198_none_9e820b57e45ad92f;D:\jdk-14.0.2_windows-x64_bin\jdk-14.0.2\bin\server

VM Arguments:
jvm_args: -Dfile.encoding=GBK 
java_command: cars.main
java_class_path (initial): C:\Users\umbrella\Desktop\db09c991-a003-40ee-81b0-33f8bda3f4a8\RentCar\bin;C:\Users\umbrella\Desktop\db09c991-a003-40ee-81b0-33f8bda3f4a8\RentCar\jgoodies-forms-1.8.0.jar;C:\Users\umbrella\Desktop\db09c991-a003-40ee-81b0-33f8bda3f4a8\RentCar\miglayout15-swing.jar
Launcher Type: SUN_STANDARD

[Global flags]
     intx CICompilerCount                          = 4                                         {product} {ergonomic}
     uint ConcGCThreads                            = 3                                         {product} {ergonomic}
     uint G1ConcRefinementThreads                  = 10                                        {product} {ergonomic}
   size_t G1HeapRegionSize                         = 1048576                                   {product} {ergonomic}
    uintx GCDrainStackTargetSize                   = 64                                        {product} {ergonomic}
   size_t InitialHeapSize                          = 268435456                                 {product} {ergonomic}
   size_t MarkStackSize                            = 4194304                                   {product} {ergonomic}
   size_t MaxHeapSize                              = 4263510016                                {product} {ergonomic}
   size_t MinHeapDeltaBytes                        = 1048576                                   {product} {ergonomic}
   size_t MinHeapSize                              = 8388608                                   {product} {ergonomic}
    uintx NonNMethodCodeHeapSize                   = 5839372                                {pd product} {ergonomic}
    uintx NonProfiledCodeHeapSize                  = 122909434                              {pd product} {ergonomic}
    uintx ProfiledCodeHeapSize                     = 122909434                              {pd product} {ergonomic}
    uintx ReservedCodeCacheSize                    = 251658240                              {pd product} {ergonomic}
     bool SegmentedCodeCache                       = true                                      {product} {ergonomic}
   size_t SoftMaxHeapSize                          = 4263510016                             {manageable} {ergonomic}
     bool UseCompressedClassPointers               = true                                 {lp64_product} {ergonomic}
     bool UseCompressedOops                        = true                                 {lp64_product} {ergonomic}
     bool UseG1GC                                  = true                                      {product} {ergonomic}
     bool UseLargePagesIndividualAllocation        = false                                  {pd product} {ergonomic}

Logging:
Log output configuration:
 #0: stdout all=warning uptime,level,tags
 #1: stderr all=off uptime,level,tags

Environment Variables:
JAVA_HOME=D:\jdk-14.0.2_windows-x64_bin\jdk-14.0.2
PATH=D:/jdk-14.0.2_windows-x64_bin/jdk-14.0.2/bin/server;D:/jdk-14.0.2_windows-x64_bin/jdk-14.0.2/bin;E:\Program Files (x86)\bin\;C:\windows\system32;C:\windows;C:\windows\System32\Wbem;C:\windows\System32\WindowsPowerShell\v1.0\;C:\windows\System32\OpenSSH\;C:\Program Files (x86)\NVIDIA Corporation\PhysX\Common;C:\Program Files\NVIDIA Corporation\NVIDIA NvDLISR;C:\Program Files (x86)\Common Files\Thunder Network\KanKan\Codecs;D:\go\;C:\WINDOWS\system32;C:\WINDOWS;C:\WINDOWS\System32\Wbem;C:\WINDOWS\System32\WindowsPowerShell\v1.0\;C:\WINDOWS\System32\OpenSSH\;C:\Program Files\dotnet\;c:\Program Files (x86)\Microsoft SQL Server\100\Tools\Binn\;c:\Program Files\Microsoft SQL Server\100\Tools\Binn\;c:\Program Files\Microsoft SQL Server\100\DTS\Binn\;D:\jdk-14.0.2_windows-x64_bin\jdk-14.0.2\bin;C:\Program Files\Azure Data Studio\bin;C:\Program Files (x86)\Microsoft SQL Server\Client SDK\ODBC\130\Tools\Binn\;C:\Program Files (x86)\Microsoft SQL Server\140\Tools\Binn\;C:\Program Files (x86)\Microsoft SQL Server\140\DTS\Binn\;C:\Program Files (x86)\Microsoft SQL Server\140\Tools\Binn\ManagementStudio\;C:\Users\umbrella\AppData\Local\Microsoft\WindowsApps;;C:\Program Files\Azure Data Studio\bin;G:\eclipse;
USERNAME=—Ó„ÎÍª
OS=Windows_NT
PROCESSOR_IDENTIFIER=Intel64 Family 6 Model 158 Stepping 10, GenuineIntel



---------------  S Y S T E M  ---------------

OS: Windows 10 , 64 bit Build 18362 (10.0.18362.1110)
OS uptime: 0 days 2:40 hours

CPU:total 12 (initial active 12) (6 cores per cpu, 2 threads per core) family 6 model 158 stepping 10, cmov, cx8, fxsr, mmx, sse, sse2, sse3, ssse3, sse4.1, sse4.2, popcnt, avx, avx2, aes, clmul, erms, 3dnowpref, lzcnt, ht, tsc, tscinvbit, bmi1, bmi2, adx, fma

Memory: 4k page, system-wide physical 16258M (7225M free)
TotalPageFile size 20342M (AvailPageFile size 191M)
current process WorkingSet (physical memory assigned to process): 10M, peak: 10M
current process commit charge ("private bytes"): 65M, peak: 321M

vm_info: Java HotSpot(TM) 64-Bit Server VM (14.0.2+12-46) for windows-amd64 JRE (14.0.2+12-46), built on Jul  9 2020 00:35:52 by "mach5one" with MS VC++ 15.9 (VS2017)

END.
